<?xml version="1.0" encoding="UTF-8"?>
<!-- Generated by org.testng.reporters.JUnitReportReporter -->
<testsuite hostname="LAPTOP-TBRVUCQD" failures="0" tests="3" name="StepDefinations.Testassertions" time="3.440" errors="0" timestamp="2022-02-21T13:35:09 IST" skipped="0">
  <testcase classname="StepDefinations.Testassertions" name="validate_response_received" time="0.632"/>
  <system-out/>
  <testcase classname="StepDefinations.Testassertions" name="user_is_on_api" time="0.003"/>
  <system-out/>
  <testcase classname="StepDefinations.Testassertions" name="passing_values_from_get_method" time="2.805"/>
  <system-out/>
</testsuite> <!-- StepDefinations.Testassertions -->
