<?xml version="1.0" encoding="UTF-8"?>
<!-- Generated by org.testng.reporters.JUnitReportReporter -->
<testsuite hostname="LAPTOP-TBRVUCQD" failures="0" tests="1" name="Test_Logging" time="6.340" errors="0" timestamp="2022-02-18T11:46:48 IST" skipped="0">
  <testcase classname="Test_Logging" name="login" time="6.340"/>
  <system-out/>
</testsuite> <!-- Test_Logging -->
