<?xml version="1.0" encoding="UTF-8"?>
<!-- Generated by org.testng.reporters.JUnitReportReporter -->
<testsuite hostname="LAPTOP-TBRVUCQD" failures="0" tests="4" name="DataParameterize" time="6.512" errors="0" timestamp="2022-02-21T13:00:48 IST" skipped="0">
  <testcase classname="DataParameterize" name="test_delete" time="0.612"/>
  <system-out/>
  <testcase classname="DataParameterize" name="test_delete" time="4.582"/>
  <system-out/>
  <testcase classname="DataParameterize" name="test_delete" time="0.657"/>
  <system-out/>
  <testcase classname="DataParameterize" name="test_delete" time="0.661"/>
  <system-out/>
</testsuite> <!-- DataParameterize -->
