<?xml version="1.0" encoding="UTF-8"?>
<!-- Generated by org.testng.reporters.JUnitReportReporter -->
<testsuite hostname="LAPTOP-TBRVUCQD" failures="0" tests="2" name="Negative_validation" time="4.520" errors="0" timestamp="2022-02-18T13:16:26 IST" skipped="0">
  <testcase classname="Negative_validation" name="ValidateResponseStatus2" time="0.803"/>
  <system-out/>
  <testcase classname="Negative_validation" name="ValidateResponseStatus1" time="3.717"/>
  <system-out/>
</testsuite> <!-- Negative_validation -->
