<?xml version="1.0" encoding="UTF-8"?>
<!-- Generated by org.testng.reporters.JUnitReportReporter -->
<testsuite hostname="LAPTOP-TBRVUCQD" failures="0" tests="1" name="Negative_scenario" time="4.404" errors="0" timestamp="2022-02-18T15:16:47 IST" skipped="0">
  <testcase classname="Negative_scenario" name="login" time="4.404"/>
  <system-out/>
</testsuite> <!-- Negative_scenario -->
