<?xml version="1.0" encoding="UTF-8"?>
<!-- Generated by org.testng.reporters.JUnitReportReporter -->
<testsuite hostname="LAPTOP-TBRVUCQD" failures="0" tests="3" name="restAssure.ValidationResponseStatus" time="4.451" errors="0" timestamp="2022-02-18T12:01:22 IST" skipped="0">
  <testcase classname="restAssure.ValidationResponseStatus" name="ValidateResponseStatus1" time="3.002"/>
  <system-out/>
  <testcase classname="restAssure.ValidationResponseStatus" name="ValidateResponseStatus2" time="0.723"/>
  <system-out/>
  <testcase classname="restAssure.ValidationResponseStatus" name="ValidationResponseStatus" time="0.726"/>
  <system-out/>
</testsuite> <!-- restAssure.ValidationResponseStatus -->
